Start testing: Jan 09 07:29 PST
----------------------------------------------------------
Unable to find executable: test/test.cpp
1/1 Testing: runUnitTests
1/1 Test: runUnitTests
Command: ""
Directory: /home/julian/Workspace/repos/Calc/build
"runUnitTests" start time: 
Output:
----------------------------------------------------------
<end of output>
Test time =   0.00 sec
----------------------------------------------------------
Test Passed.
"runUnitTests" end time: Jan 09 07:29 PST
"runUnitTests" time elapsed: 00:00:00
----------------------------------------------------------

End testing: Jan 09 07:29 PST
